<?xml version="1.0" encoding="utf-8" standalone="no"?>
<test-results xmlns:xsi="http://www.w3.org/2001/XMLSchema-instance" xsi:noNamespaceSchemaLocation="nunit_schema_2.5.xsd" name="Pester" total="3" errors="0" failures="0" not-run="4" inconclusive="0" ignored="0" skipped="0" invalid="0" date="2021-02-03" time="18:46:59">
  <environment user-domain="ALLIEDDIGITAL" platform="Microsoft Windows 10 Enterprise|C:\WINDOWS|\Device\Harddisk0\Partition3" clr-version="Unknown" nunit-version="2.5.8.0" user="JGrote" os-version="10.0.19042" cwd="C:\Users\JGrote\Projects\Sandbox\20210203-IronScripterChallenge" machine-name="ADSL-JGROTE" />
  <culture-info current-culture="en-US" current-uiculture="en-US" />
  <test-suite type="TestFixture" name="Pester" executed="True" result="Success" success="True" time="1.0894" asserts="0" description="Pester">
    <results>
      <test-suite type="TestFixture" name="C:\Users\JGrote\Projects\Sandbox\20210203-IronScripterChallenge\Tests\Challenges.Tests.ps1" executed="True" result="Success" success="True" time="1.0894" asserts="0" description="C:\Users\JGrote\Projects\Sandbox\20210203-IronScripterChallenge\Tests\Challenges.Tests.ps1">
        <results>
          <test-suite type="TestFixture" name="Challenges" executed="True" result="Success" success="True" time="0.5947" asserts="0" description="Challenges">
            <results>
              <test-suite type="TestFixture" name="Challenges.Challenge3" executed="True" result="Success" success="True" time="0.338" asserts="0" description="Challenges.Challenge3">
                <results>
                  <test-suite type="ParameterizedTest" name="Challenges.Challenge3.Has some of the properties we care about: &lt;property&gt;" executed="True" result="Success" success="True" time="0.1243" asserts="0" description="Has some of the properties we care about: &lt;property&gt;">
                    <results>
                      <test-case description="Has some of the properties we care about: Name" name="Challenges.Challenge3.Has some of the properties we care about: Name" time="0.0994" asserts="0" success="True" result="Success" executed="True" />
                      <test-case description="Has some of the properties we care about: ListOfLanguages" name="Challenges.Challenge3.Has some of the properties we care about: ListOfLanguages" time="0.0179" asserts="0" success="True" result="Success" executed="True" />
                      <test-case description="Has some of the properties we care about: ReleaseDate" name="Challenges.Challenge3.Has some of the properties we care about: ReleaseDate" time="0.007" asserts="0" success="True" result="Success" executed="True" />
                    </results>
                  </test-suite>
                </results>
              </test-suite>
            </results>
          </test-suite>
        </results>
      </test-suite>
    </results>
  </test-suite>
</test-results>